<?xml version="1.0" encoding="UTF-8"?>
<!-- Generated by org.testng.reporters.JUnitReportReporter -->
<testsuite hostname="DESKTOP-2Q9SV7O" name="bg.pragmatic.tests.positive.AdminLoginTest" tests="1" failures="0" timestamp="5 Nov 2018 14:09:15 GMT" time="13.715" errors="0">
  <testcase name="successfulLoginTest" time="13.715" classname="bg.pragmatic.tests.positive.AdminLoginTest"/>
</testsuite> <!-- bg.pragmatic.tests.positive.AdminLoginTest -->
