<?xml version="1.0" encoding="UTF-8"?>
<!-- Generated by org.testng.reporters.JUnitReportReporter -->
<testsuite hostname="DESKTOP-2Q9SV7O" name="bg.pragmatic.tests.negative.AdminLoginTest" tests="1" failures="0" timestamp="5 Nov 2018 20:53:31 GMT" time="8.888" errors="0">
  <testcase name="unsuccessfulLoginTest" time="8.888" classname="bg.pragmatic.tests.negative.AdminLoginTest"/>
</testsuite> <!-- bg.pragmatic.tests.negative.AdminLoginTest -->
