<?xml version="1.0" encoding="UTF-8"?>
<!-- Generated by org.testng.reporters.JUnitReportReporter -->
<testsuite hostname="DESKTOP-S25SUL0" name="homework.Bgmenu" tests="1" failures="0" timestamp="2 Nov 2018 06:53:53 GMT" time="14.285" errors="0">
  <testcase name="searchAnkona" time="14.285" classname="homework.Bgmenu"/>
</testsuite> <!-- homework.Bgmenu -->
