<?xml version="1.0" encoding="UTF-8"?>
<!-- Generated by org.testng.reporters.JUnitReportReporter -->
<testsuite hostname="DESKTOP-S25SUL0" name="homework.Bgmenu" tests="1" failures="0" timestamp="1 Nov 2018 14:38:28 GMT" time="18.496" errors="0">
  <testcase name="searchRestaurant1" time="18.496" classname="homework.Bgmenu"/>
</testsuite> <!-- homework.Bgmenu -->
