<?xml version="1.0" encoding="UTF-8"?>
<!-- Generated by org.testng.reporters.JUnitReportReporter -->
<testsuite hostname="DESKTOP-S25SUL0" name="homework.Bgmenu" tests="1" failures="0" timestamp="2 Nov 2018 19:01:10 GMT" time="8.990" errors="0">
  <testcase name="registration" time="8.990" classname="homework.Bgmenu"/>
</testsuite> <!-- homework.Bgmenu -->
