<?xml version="1.0" encoding="UTF-8"?>
<!-- Generated by org.testng.reporters.JUnitReportReporter -->
<testsuite hostname="DESKTOP-2Q9SV7O" name="bg.pragmatic.lecture13mvn.waits.AlertsTest" tests="4" failures="0" timestamp="31 Oct 2018 20:19:49 GMT" time="0.555" errors="0">
  <testcase name="testSimpleAlert" time="0.108" classname="bg.pragmatic.lecture13mvn.waits.AlertsTest"/>
  <testcase name="testPrompt" time="0.174" classname="bg.pragmatic.lecture13mvn.waits.AlertsTest"/>
  <testcase name="testConfirmDismiss" time="0.083" classname="bg.pragmatic.lecture13mvn.waits.AlertsTest"/>
  <testcase name="testConfirmAccept" time="0.190" classname="bg.pragmatic.lecture13mvn.waits.AlertsTest"/>
</testsuite> <!-- bg.pragmatic.lecture13mvn.waits.AlertsTest -->
