<?xml version="1.0" encoding="UTF-8"?>
<!-- Generated by org.testng.reporters.JUnitReportReporter -->
<testsuite hostname="DESKTOP-2Q9SV7O" name="bg.pragmatic.lecture13mvn.waits.WindowPopupTest" tests="3" failures="0" timestamp="31 Oct 2018 20:19:49 GMT" time="4.730" errors="0">
  <testcase name="testWindowPopup" time="1.514" classname="bg.pragmatic.lecture13mvn.waits.WindowPopupTest"/>
  <testcase name="testWindowPopupUsingTitle" time="1.583" classname="bg.pragmatic.lecture13mvn.waits.WindowPopupTest"/>
  <testcase name="testWindowPopupUsingContents" time="1.633" classname="bg.pragmatic.lecture13mvn.waits.WindowPopupTest"/>
</testsuite> <!-- bg.pragmatic.lecture13mvn.waits.WindowPopupTest -->
