<?xml version="1.0" encoding="UTF-8"?>
<!-- Generated by org.testng.reporters.JUnitReportReporter -->
<testsuite hostname="DESKTOP-2Q9SV7O" name="bg.pragmatic.lecture13mvn.waits.FramesTest" tests="4" failures="0" timestamp="31 Oct 2018 20:19:49 GMT" time="2.211" errors="0">
  <testcase name="testFrameByContents" time="0.119" classname="bg.pragmatic.lecture13mvn.waits.FramesTest"/>
  <testcase name="testFrameByIndex" time="0.070" classname="bg.pragmatic.lecture13mvn.waits.FramesTest"/>
  <testcase name="testFrameWithIdOrName" time="0.175" classname="bg.pragmatic.lecture13mvn.waits.FramesTest"/>
  <testcase name="testIFrame" time="1.847" classname="bg.pragmatic.lecture13mvn.waits.FramesTest"/>
</testsuite> <!-- bg.pragmatic.lecture13mvn.waits.FramesTest -->
