<?xml version="1.0" encoding="UTF-8"?>
<!-- Generated by org.testng.reporters.JUnitReportReporter -->
<testsuite hostname="DESKTOP-2Q9SV7O" name="bg.pragmatic.lecture13mvn.waits.ExplicitWaitTest" tests="3" failures="0" timestamp="31 Oct 2018 20:19:49 GMT" time="28.282" errors="0">
  <testcase name="testExplicitWaitTitleContains" time="6.854" classname="bg.pragmatic.lecture13mvn.waits.ExplicitWaitTest"/>
  <testcase name="testExplicitWait" time="14.800" classname="bg.pragmatic.lecture13mvn.waits.ExplicitWaitTest"/>
  <testcase name="testExplicitWaitByTitle" time="6.628" classname="bg.pragmatic.lecture13mvn.waits.ExplicitWaitTest"/>
</testsuite> <!-- bg.pragmatic.lecture13mvn.waits.ExplicitWaitTest -->
