<?xml version="1.0" encoding="UTF-8"?>
<!-- Generated by org.testng.reporters.JUnitReportReporter -->
<testsuite hostname="DESKTOP-2Q9SV7O" name="driverExamples.ChromeDriverExample" tests="1" failures="0" timestamp="29 Oct 2018 18:29:12 GMT" time="6.529" errors="0">
  <testcase name="testExamples" time="6.529" classname="driverExamples.ChromeDriverExample"/>
</testsuite> <!-- driverExamples.ChromeDriverExample -->
