<?xml version="1.0" encoding="UTF-8"?>
<!-- Generated by org.testng.reporters.JUnitReportReporter -->
<testsuite hostname="DESKTOP-2Q9SV7O" name="seleniumapi.RadioButtonTest" tests="1" failures="0" timestamp="29 Oct 2018 15:47:01 GMT" time="6.175" errors="0">
  <testcase name="testRadioButton" time="6.175" classname="seleniumapi.RadioButtonTest"/>
</testsuite> <!-- seleniumapi.RadioButtonTest -->
