<?xml version="1.0" encoding="UTF-8"?>
<!-- Generated by org.testng.reporters.JUnitReportReporter -->
<testsuite hostname="DESKTOP-2Q9SV7O" name="seleniumapi.WindowMaximize" tests="1" failures="0" timestamp="29 Oct 2018 15:48:18 GMT" time="8.140" errors="0">
  <testcase name="testRowSelectionUsingControlKey" time="8.140" classname="seleniumapi.WindowMaximize"/>
</testsuite> <!-- seleniumapi.WindowMaximize -->
