<?xml version="1.0" encoding="UTF-8"?>
<!-- Generated by org.testng.reporters.JUnitReportReporter -->
<testsuite hostname="DESKTOP-2Q9SV7O" name="seleniumapi.CheckBoxTest" tests="1" failures="0" timestamp="29 Oct 2018 15:42:30 GMT" time="9.424" errors="0">
  <testcase name="testCheckBox" time="9.424" classname="seleniumapi.CheckBoxTest"/>
</testsuite> <!-- seleniumapi.CheckBoxTest -->
