<?xml version="1.0" encoding="UTF-8"?>
<!-- Generated by org.testng.reporters.JUnitReportReporter -->
<testsuite hostname="DESKTOP-2Q9SV7O" name="seleniumapi.DragDropTest" tests="1" failures="0" timestamp="29 Oct 2018 20:48:06 GMT" time="8.062" errors="0">
  <testcase name="testDragDrop" time="8.062" classname="seleniumapi.DragDropTest"/>
</testsuite> <!-- seleniumapi.DragDropTest -->
