<?xml version="1.0" encoding="UTF-8"?>
<!-- Generated by org.testng.reporters.JUnitReportReporter -->
<testsuite hostname="DESKTOP-2Q9SV7O" name="driverExamples.OperaDriverExample" tests="1" failures="0" timestamp="29 Oct 2018 18:31:03 GMT" time="8.244" errors="0">
  <testcase name="testExamples" time="8.244" classname="driverExamples.OperaDriverExample"/>
</testsuite> <!-- driverExamples.OperaDriverExample -->
