<?xml version="1.0" encoding="UTF-8"?>
<!-- Generated by org.testng.reporters.JUnitReportReporter -->
<testsuite hostname="DESKTOP-2Q9SV7O" name="driverExamples.EdgeDriverExample" tests="1" failures="0" timestamp="29 Oct 2018 15:38:33 GMT" time="9.076" errors="0">
  <testcase name="testExamples" time="9.076" classname="driverExamples.EdgeDriverExample"/>
</testsuite> <!-- driverExamples.EdgeDriverExample -->
