<?xml version="1.0" encoding="UTF-8"?>
<!-- Generated by org.testng.reporters.JUnitReportReporter -->
<testsuite hostname="DESKTOP-2Q9SV7O" name="seleniumapi.ExecuteJavaScript" tests="1" failures="0" timestamp="29 Oct 2018 20:24:04 GMT" time="7.554" errors="0">
  <testcase name="testJavaScriptCalls" time="7.554" classname="seleniumapi.ExecuteJavaScript"/>
</testsuite> <!-- seleniumapi.ExecuteJavaScript -->
