<?xml version="1.0" encoding="UTF-8"?>
<!-- Generated by org.testng.reporters.JUnitReportReporter -->
<testsuite hostname="DESKTOP-2Q9SV7O" name="seleniumapi.ElementTests" tests="1" failures="0" timestamp="29 Oct 2018 19:32:36 GMT" time="0.067" errors="0">
  <testcase name="testElementStyle" time="0.067" classname="seleniumapi.ElementTests"/>
</testsuite> <!-- seleniumapi.ElementTests -->
