<?xml version="1.0" encoding="UTF-8"?>
<!-- Generated by org.testng.reporters.JUnitReportReporter -->
<testsuite hostname="DESKTOP-2Q9SV7O" name="seleniumapi.SelectTest" tests="1" failures="0" timestamp="29 Oct 2018 19:49:14 GMT" time="7.975" errors="0">
  <testcase name="testDropdown" time="7.975" classname="seleniumapi.SelectTest"/>
</testsuite> <!-- seleniumapi.SelectTest -->
