<?xml version="1.0" encoding="UTF-8"?>
<!-- Generated by org.testng.reporters.JUnitReportReporter -->
<testsuite hostname="DESKTOP-2Q9SV7O" name="seleniumapi.ScreenshotTests" tests="2" failures="0" timestamp="29 Oct 2018 20:32:29 GMT" time="18.616" errors="0">
  <testcase name="testElementScreenshot" time="9.895" classname="seleniumapi.ScreenshotTests"/>
  <testcase name="testTakesScreenshot" time="8.721" classname="seleniumapi.ScreenshotTests"/>
</testsuite> <!-- seleniumapi.ScreenshotTests -->
