<?xml version="1.0" encoding="UTF-8"?>
<!-- Generated by org.testng.reporters.JUnitReportReporter -->
<testsuite hostname="DESKTOP-2Q9SV7O" name="bg.pragmatic.datadriven.TestNGDDT" tests="4" failures="0" timestamp="14 Mar 2018 18:07:42 GMT" time="0.860" errors="0">
  <testcase name="testBMICalculator" time="0.171" classname="bg.pragmatic.datadriven.TestNGDDT"/>
  <testcase name="testBMICalculator" time="0.165" classname="bg.pragmatic.datadriven.TestNGDDT"/>
  <testcase name="testBMICalculator" time="0.164" classname="bg.pragmatic.datadriven.TestNGDDT"/>
  <testcase name="testBMICalculator" time="0.360" classname="bg.pragmatic.datadriven.TestNGDDT"/>
</testsuite> <!-- bg.pragmatic.datadriven.TestNGDDT -->
