<?xml version="1.0" encoding="UTF-8"?>
<!-- Generated by org.testng.reporters.JUnitReportReporter -->
<testsuite hostname="DESKTOP-S25SUL0" name="tests.frontend.PragmaticTestStore" tests="1" failures="0" timestamp="9 Nov 2018 14:24:11 GMT" time="8.649" errors="0">
  <testcase name="registerUser" time="8.649" classname="tests.frontend.PragmaticTestStore"/>
</testsuite> <!-- tests.frontend.PragmaticTestStore -->
