<?xml version="1.0" encoding="UTF-8"?>
<!-- Generated by org.testng.reporters.JUnitReportReporter -->
<testsuite hostname="DESKTOP-2Q9SV7O" name="tests.backend.AdminLoginTests" tests="2" failures="0" timestamp="5 Nov 2018 20:00:02 GMT" time="19.550" errors="0">
  <testcase name="successfulLogin" time="11.903" classname="tests.backend.AdminLoginTests"/>
  <testcase name="unsuccessfulLogin" time="7.647" classname="tests.backend.AdminLoginTests"/>
</testsuite> <!-- tests.backend.AdminLoginTests -->
