<?xml version="1.0" encoding="UTF-8"?>
<!-- Generated by org.testng.reporters.JUnitReportReporter -->
<testsuite hostname="DESKTOP-S25SUL0" name="tests.backend.AdminUserTests" tests="1" failures="0" timestamp="7 Nov 2018 10:33:02 GMT" time="8.273" errors="0">
  <testcase name="createAdministratorUser" time="8.273" classname="tests.backend.AdminUserTests"/>
</testsuite> <!-- tests.backend.AdminUserTests -->
