<?xml version="1.0" encoding="UTF-8"?>
<!-- Generated by org.testng.reporters.JUnitReportReporter -->
<testsuite hostname="DESKTOP-S25SUL0" name="tests.backend.AdminUserTests" tests="1" failures="0" timestamp="8 Nov 2018 14:44:10 GMT" time="8.751" errors="0">
  <testcase name="deleteUser" time="8.751" classname="tests.backend.AdminUserTests"/>
</testsuite> <!-- tests.backend.AdminUserTests -->
