<?xml version="1.0" encoding="UTF-8"?>
<!-- Generated by org.testng.reporters.JUnitReportReporter -->
<testsuite hostname="DESKTOP-S25SUL0" name="Login.Login" tests="1" failures="0" timestamp="31 Oct 2018 18:51:19 GMT" time="9.598" errors="0">
  <testcase name="orderStataus" time="9.598" classname="Login.Login"/>
</testsuite> <!-- Login.Login -->
