<?xml version="1.0" encoding="UTF-8"?>
<!-- Generated by org.testng.reporters.JUnitReportReporter -->
<testsuite hostname="DESKTOP-S25SUL0" name="Config.Config" tests="1" failures="0" timestamp="31 Oct 2018 08:47:29 GMT" time="4.765" errors="0">
  <testcase name="changeColor" time="4.765" classname="Config.Config"/>
</testsuite> <!-- Config.Config -->
